Log file open, 01/16/19 08:04:28
LogWindows: Failed to load 'aqProf.dll' (GetLastError=126)
LogWindows: File 'aqProf.dll' does not exist
LogWindows: Failed to load 'VtuneApi.dll' (GetLastError=126)
LogWindows: File 'VtuneApi.dll' does not exist
LogWindows: Failed to load 'VtuneApi32e.dll' (GetLastError=126)
LogWindows: File 'VtuneApi32e.dll' does not exist
LogInit: Display: Running engine for game: MM_ICWB001_AP
LogPlatformFile: Not using cached read wrapper
LogTaskGraph: Started task graph with 5 named threads and 23 total threads with 3 sets of task threads.
LogStats: Stats thread started at 0.282662
LogD3D11RHI: Loaded GFSDK_Aftermath_Lib.x64.dll
LogICUInternationalization: Display: ICU TimeZone Detection - Raw Offset: -7:00, Platform Override: ''
LogPluginManager: Mounting plugin Paper2D
LogPluginManager: Mounting plugin AISupport
LogPluginManager: Mounting plugin LightPropagationVolume
LogPluginManager: Mounting plugin CLionSourceCodeAccess
LogPluginManager: Mounting plugin CodeLiteSourceCodeAccess
LogPluginManager: Mounting plugin GitSourceControl
LogPluginManager: Mounting plugin KDevelopSourceCodeAccess
LogPluginManager: Mounting plugin NullSourceCodeAccess
LogPluginManager: Mounting plugin PerforceSourceControl
LogPluginManager: Mounting plugin SubversionSourceControl
LogPluginManager: Mounting plugin UObjectPlugin
LogPluginManager: Mounting plugin VisualStudioCodeSourceCodeAccess
LogPluginManager: Mounting plugin VisualStudioSourceCodeAccess
LogPluginManager: Mounting plugin XCodeSourceCodeAccess
LogPluginManager: Mounting plugin AssetManagerEditor
LogPluginManager: Mounting plugin CryptoKeys
LogPluginManager: Mounting plugin DataValidation
LogPluginManager: Mounting plugin FacialAnimation
LogPluginManager: Mounting plugin GameplayTagsEditor
LogPluginManager: Mounting plugin MacGraphicsSwitching
LogPluginManager: Mounting plugin MeshEditor
LogPluginManager: Mounting plugin MobileLauncherProfileWizard
LogPluginManager: Mounting plugin PluginBrowser
LogPluginManager: Mounting plugin SpeedTreeImporter
LogPluginManager: Mounting plugin DatasmithContent
LogPluginManager: Mounting plugin AlembicImporter
LogPluginManager: Mounting plugin AppleImageUtils
LogPluginManager: Mounting plugin AppleVision
LogPluginManager: Mounting plugin BackChannel
LogPluginManager: Mounting plugin CharacterAI
LogPluginManager: Mounting plugin GeometryCache
LogPluginManager: Mounting plugin HTML5Networking
LogPluginManager: Mounting plugin ProxyLODPlugin
LogPluginManager: Mounting plugin MagicLeap
LogPluginManager: Mounting plugin MagicLeapEmulator
LogPluginManager: Mounting plugin MagicLeapMedia
LogPluginManager: Mounting plugin AndroidMedia
LogPluginManager: Mounting plugin AvfMedia
LogPluginManager: Mounting plugin ImgMedia
LogPluginManager: Mounting plugin LinearTimecode
LogPluginManager: Mounting plugin MediaCompositing
LogPluginManager: Mounting plugin MediaPlayerEditor
LogPluginManager: Mounting plugin WmfMedia
LogPluginManager: Mounting plugin TcpMessaging
LogPluginManager: Mounting plugin UdpMessaging
LogPluginManager: Mounting plugin ActorSequence
LogPluginManager: Mounting plugin LevelSequenceEditor
LogPluginManager: Mounting plugin MatineeToLevelSequence
LogPluginManager: Mounting plugin NetcodeUnitTest
LogPluginManager: Mounting plugin NUTUnrealEngine4
LogPluginManager: Mounting plugin OnlineSubsystemGooglePlay
LogPluginManager: Mounting plugin OnlineSubsystemIOS
LogPluginManager: Mounting plugin OnlineSubsystem
LogPluginManager: Mounting plugin OnlineSubsystemNull
LogPluginManager: Mounting plugin OnlineSubsystemUtils
LogPluginManager: Mounting plugin LauncherChunkInstaller
LogPluginManager: Mounting plugin AndroidDeviceProfileSelector
LogPluginManager: Mounting plugin AndroidMoviePlayer
LogPluginManager: Mounting plugin AndroidPermission
LogPluginManager: Mounting plugin AppleMoviePlayer
LogPluginManager: Mounting plugin ArchVisCharacter
LogPluginManager: Mounting plugin AudioCapture
LogPluginManager: Mounting plugin CableComponent
LogPluginManager: Mounting plugin CustomMeshComponent
LogPluginManager: Mounting plugin EditableMesh
LogPluginManager: Mounting plugin ExampleDeviceProfileSelector
LogPluginManager: Mounting plugin GoogleCloudMessaging
LogPluginManager: Mounting plugin ImmediatePhysics
LogPluginManager: Mounting plugin IOSDeviceProfileSelector
LogPluginManager: Mounting plugin LinuxDeviceProfileSelector
LogPluginManager: Mounting plugin LocationServicesBPLibrary
LogPluginManager: Mounting plugin MobilePatchingUtils
LogPluginManager: Mounting plugin OculusVR
LogPluginManager: Plugin shader directory ../../../Engine/Plugins/Runtime/Oculus/OculusVR/Shaders found
LogPluginManager: Mapping shader source directory ../../../Engine/Plugins/Runtime/Oculus/OculusVR/Shaders to virtual directory /Plugin/OculusVR
LogPluginManager: Mounting plugin PhysXVehicles
LogPluginManager: Mounting plugin ProceduralMeshComponent
LogPluginManager: Mounting plugin RuntimePhysXCooking
LogPluginManager: Mounting plugin SteamVR
LogPluginManager: Mounting plugin WindowsMoviePlayer
LogStreaming: Display: Took  0.110s to configure plugins.
LogInit: Using libcurl 7.55.1-DEV
LogInit:  - built for x86_64-pc-win32
LogInit:  - supports SSL with OpenSSL/1.0.2h
LogInit:  - supports HTTP deflate (compression) using libz 1.2.8
LogInit:  - other features:
LogInit:      CURL_VERSION_SSL
LogInit:      CURL_VERSION_LIBZ
LogInit:      CURL_VERSION_IPV6
LogInit:      CURL_VERSION_ASYNCHDNS
LogInit:      CURL_VERSION_LARGEFILE
LogInit:      CURL_VERSION_IDN
LogInit:  CurlRequestOptions (configurable via config and command line):
LogInit:  - bVerifyPeer = false  - Libcurl will NOT verify peer certificate
LogInit:  - bUseHttpProxy = false  - Libcurl will NOT use HTTP proxy
LogInit:  - bDontReuseConnections = false  - Libcurl will reuse connections
LogInit:  - CertBundlePath = nullptr  - Libcurl will use whatever was configured at build time.
LogInit:  - MaxHostConnections = 16  - Libcurl will limit the number of connections to a host
LogInit:  - LocalHostAddr = Default
LogInit:  - BufferSize = 65536
LogInit: WinSock: version 1.1 (2.2), MaxSocks=32767, MaxUdp=65467
LogInit: Build: ++UE4+Release-4.20-CL-4369336
LogInit: Engine Version: 4.20.3-4369336+++UE4+Release-4.20
LogInit: Compatible Engine Version: 4.20.0-4212847+++UE4+Release-4.20
LogInit: Net CL: 4212847
LogInit: OS: Windows 10 (), CPU: Intel(R) Core(TM) i7-8809G CPU @ 3.10GHz, GPU: Radeon RX Vega M GH Graphics
LogInit: Compiled (64-bit): Sep 17 2018 12:26:19
LogInit: Compiled with Visual C++: 19.13.26129.00
LogInit: Build Configuration: Development
LogInit: Branch Name: ++UE4+Release-4.20
LogInit: Command Line: -EpicPortal  -epicusername="Maria96" -epicuserid=a3c1e11b8fb64ff98d0536a91cf3b807 -epiclocale=en-US
LogInit: Base Directory: C:/Program Files/Epic Games/UE_4.20/Engine/Binaries/Win64/
LogInit: Installed Engine Build: 1
LogDevObjectVersion: Number of dev versions registered: 20
LogDevObjectVersion:   Dev-Blueprints (B0D832E4-1F89-4F0D-ACCF-7EB736FD4AA2): 10
LogDevObjectVersion:   Dev-Build (E1C64328-A22C-4D53-A36C-8E866417BD8C): 0
LogDevObjectVersion:   Dev-Core (375EC13C-06E4-48FB-B500-84F0262A717E): 2
LogDevObjectVersion:   Dev-Editor (E4B068ED-F494-42E9-A231-DA0B2E46BB41): 24
LogDevObjectVersion:   Dev-Framework (CFFC743F-43B0-4480-9391-14DF171D2073): 34
LogDevObjectVersion:   Dev-Mobile (B02B49B5-BB20-44E9-A304-32B752E40360): 2
LogDevObjectVersion:   Dev-Networking (A4E4105C-59A1-49B5-A7C5-40C4547EDFEE): 0
LogDevObjectVersion:   Dev-Online (39C831C9-5AE6-47DC-9A44-9C173E1C8E7C): 0
LogDevObjectVersion:   Dev-Physics (78F01B33-EBEA-4F98-B9B4-84EACCB95AA2): 0
LogDevObjectVersion:   Dev-Platform (6631380F-2D4D-43E0-8009-CF276956A95A): 0
LogDevObjectVersion:   Dev-Rendering (12F88B9F-8875-4AFC-A67C-D90C383ABD29): 26
LogDevObjectVersion:   Dev-Sequencer (7B5AE74C-D270-4C10-A958-57980B212A5A): 9
LogDevObjectVersion:   Dev-VR (D7296918-1DD6-4BDD-9DE2-64A83CC13884): 2
LogDevObjectVersion:   Dev-LoadTimes (C2A15278-BFE7-4AFE-6C17-90FF531DF755): 1
LogDevObjectVersion:   Private-Geometry (6EACA3D4-40EC-4CC1-B786-8BED09428FC5): 3
LogDevObjectVersion:   Dev-AnimPhys (29E575DD-E0A3-4627-9D10-D276232CDCEA): 17
LogDevObjectVersion:   Dev-ReflectionCapture (6B266CEC-1EC7-4B8F-A30B-E4D90942FC07): 1
LogDevObjectVersion:   Dev-Automation (0DF73D61-A23F-47EA-B727-89E90C41499A): 1
LogDevObjectVersion:   FortniteMain (601D1886-AC64-4F84-AA16-D3DE0DEAC7D6): 12
LogDevObjectVersion:   Dev-Enterprise (9DFFBCD6-494F-0158-E221-12823C92A888): 1
LogStreaming: Display: Took  0.000s to delete old logs.
LogInit: Presizing for max 8388607 objects, including 0 objects not considered by GC, pre-allocating 0 bytes for permanent pool.
LogInit: Object subsystem initialized
[2019.01.16-15.04.29:055][  0]LogInit: Selected Device Profile: [Windows]
[2019.01.16-15.04.29:055][  0]LogInit: Applying CVar settings loaded from the selected device profile: [Windows]
[2019.01.16-15.04.29:074][  0]LogHAL: Display: Platform has ~ 16 GB [17095249920 / 17179869184 / 16], which maps to Larger [LargestMinGB=32, LargerMinGB=12, DefaultMinGB=8, SmallerMinGB=6, SmallestMinGB=0)
[2019.01.16-15.04.29:074][  0]LogInit: Setting Device Profile CVar: [[r.Vulkan.UseRealUBs:1]]
[2019.01.16-15.04.29:074][  0]LogInit: Going up to parent DeviceProfile []
[2019.01.16-15.04.29:074][  0]LogInit: Computer: eae-n-011
[2019.01.16-15.04.29:074][  0]LogInit: User: u0969378
[2019.01.16-15.04.29:074][  0]LogInit: CPU Page size=4096, Cores=4
[2019.01.16-15.04.29:074][  0]LogInit: High frequency timer resolution =3.023439 MHz
[2019.01.16-15.04.29:074][  0]LogMemory: Memory total: Physical=15.9GB (16GB approx)
[2019.01.16-15.04.29:074][  0]LogMemory: Platform Memory Stats for Windows
[2019.01.16-15.04.29:074][  0]LogMemory: Process Physical Memory: 99.98 MB used, 99.98 MB peak
[2019.01.16-15.04.29:074][  0]LogMemory: Process Virtual Memory: 90.96 MB used, 90.96 MB peak
[2019.01.16-15.04.29:074][  0]LogMemory: Physical Memory: 7774.14 MB used,  8529.16 MB free, 16303.30 MB total
[2019.01.16-15.04.29:074][  0]LogMemory: Virtual Memory: 4640.71 MB used,  8529.16 MB free, 134217728.00 MB total
[2019.01.16-15.04.29:089][  0]LogInit: Using OS detected language (en-US).
[2019.01.16-15.04.29:089][  0]LogInit: Using OS detected locale (en-US).
[2019.01.16-15.04.29:090][  0]LogTextLocalizationManager: No specific localization for 'en-US' exists, so the 'en' localization will be used.
[2019.01.16-15.04.29:443][  0]LogStreaming: Display: Took  0.354s to InitEngineTextLocalization.
[2019.01.16-15.04.29:443][  0]LogInit: Setting process to per monitor DPI aware
[2019.01.16-15.04.29:478][  0]LogSlate: New Slate User Created.  User Index 0, Is Virtual User: 0
[2019.01.16-15.04.29:478][  0]LogSlate: Slate User Registered.  User Index 0, Is Virtual User: 0
[2019.01.16-15.04.29:654][  0]LogHMD: Failed to initialize OpenVR with code 110
[2019.01.16-15.04.29:654][  0]LogD3D11RHI: D3D11 adapters:
[2019.01.16-15.04.29:691][  0]LogD3D11RHI:    0. 'Radeon RX Vega M GH Graphics' (Feature Level 11_0)
[2019.01.16-15.04.29:691][  0]LogD3D11RHI:       4042/0/8151 MB DedicatedVideo/DedicatedSystem/SharedSystem, Outputs:1, VendorId:0x1002
[2019.01.16-15.04.29:703][  0]LogD3D11RHI:    1. 'Intel(R) HD Graphics 630' (Feature Level 11_0)
[2019.01.16-15.04.29:703][  0]LogD3D11RHI:       128/0/8151 MB DedicatedVideo/DedicatedSystem/SharedSystem, Outputs:0, VendorId:0x8086
[2019.01.16-15.04.29:704][  0]LogD3D11RHI:    2. 'Microsoft Basic Render Driver' (Feature Level 11_0)
[2019.01.16-15.04.29:704][  0]LogD3D11RHI:       0/0/8151 MB DedicatedVideo/DedicatedSystem/SharedSystem, Outputs:0, VendorId:0x1414
[2019.01.16-15.04.29:704][  0]LogD3D11RHI: Chosen D3D11 Adapter: 0
[2019.01.16-15.04.29:715][  0]LogD3D11RHI: Creating new Direct3DDevice
[2019.01.16-15.04.29:715][  0]LogD3D11RHI:     GPU DeviceId: 0x694c (for the marketing name, search the web for "GPU Device Id")
[2019.01.16-15.04.29:715][  0]LogWindows: EnumDisplayDevices:
[2019.01.16-15.04.29:715][  0]LogWindows:    0. 'Radeon RX Vega M GH Graphics' (P:1 D:1)
[2019.01.16-15.04.29:715][  0]LogWindows:    1. 'Radeon RX Vega M GH Graphics' (P:0 D:0)
[2019.01.16-15.04.29:716][  0]LogWindows:    2. 'Radeon RX Vega M GH Graphics' (P:0 D:0)
[2019.01.16-15.04.29:716][  0]LogWindows:    3. 'Radeon RX Vega M GH Graphics' (P:0 D:0)
[2019.01.16-15.04.29:716][  0]LogWindows:    4. 'Radeon RX Vega M GH Graphics' (P:0 D:0)
[2019.01.16-15.04.29:716][  0]LogWindows:    5. 'Radeon RX Vega M GH Graphics' (P:0 D:0)
[2019.01.16-15.04.29:717][  0]LogWindows:    6. 'Radeon RX Vega M GH Graphics' (P:0 D:0)
[2019.01.16-15.04.29:717][  0]LogWindows:    7. 'Intel(R) HD Graphics 630' (P:0 D:0)
[2019.01.16-15.04.29:717][  0]LogWindows:    8. 'Intel(R) HD Graphics 630' (P:0 D:0)
[2019.01.16-15.04.29:717][  0]LogWindows: DebugString: PrimaryIsNotTheChoosenAdapter PrimaryIsNotTheChoosenAdapter FoundDriverCount:7 
[2019.01.16-15.04.29:717][  0]LogD3D11RHI:     Adapter Name: Radeon RX Vega M GH Graphics
[2019.01.16-15.04.29:717][  0]LogD3D11RHI:   Driver Version: Adrenalin 18.9.1 (internal:24.20.11026.2001, unified:24.20.11026.2001)
[2019.01.16-15.04.29:717][  0]LogD3D11RHI:      Driver Date: 8-30-2018
[2019.01.16-15.04.29:717][  0]LogRHI: Texture pool is 2829 MB (70% of 4042 MB)
[2019.01.16-15.04.29:801][  0]LogD3D11RHI: Async texture creation enabled
[2019.01.16-15.04.29:813][  0]LogD3D11RHI: GPU Timing Frequency: 25.000000 (Debug: 2 1)
[2019.01.16-15.04.29:814][  0]LogShaderCompilers: Guid format shader working directory is -50 characters bigger than the processId version (../../../../../../Users/u0969378/Desktop/MariaMancera_unrealProject/MM_AssetPipeline/MM_ICWB001_AP/Intermediate/Shaders/WorkingDirectory/15692/).
[2019.01.16-15.04.29:814][  0]LogShaderCompilers: Cleaned the shader compiler working directory 'C:/Users/u0969378/AppData/Local/Temp/UnrealShaderWorkingDir/7A69580F4839C63CA069279064A9A244/'.
[2019.01.16-15.04.30:064][  0]LogTemp: Display: Loaded TP AllDesktopTargetPlatform
[2019.01.16-15.04.30:076][  0]LogTemp: Display: Loaded TP MacClientTargetPlatform
[2019.01.16-15.04.30:090][  0]LogTemp: Display: Loaded TP MacNoEditorTargetPlatform
[2019.01.16-15.04.30:103][  0]LogTemp: Display: Loaded TP MacServerTargetPlatform
[2019.01.16-15.04.30:117][  0]LogTemp: Display: Loaded TP MacTargetPlatform
[2019.01.16-15.04.30:131][  0]LogTemp: Display: Loaded TP WindowsClientTargetPlatform
[2019.01.16-15.04.30:143][  0]LogTemp: Display: Loaded TP WindowsNoEditorTargetPlatform
[2019.01.16-15.04.30:156][  0]LogTemp: Display: Loaded TP WindowsServerTargetPlatform
[2019.01.16-15.04.30:163][  0]LogTemp: Display: Loaded TP WindowsTargetPlatform
[2019.01.16-15.04.30:231][  0]LogTemp: Display: Loaded TP AndroidTargetPlatform
[2019.01.16-15.04.30:231][  0]LogTemp: Display: Loaded TP AndroidTargetPlatform
[2019.01.16-15.04.30:231][  0]LogTemp: Display: Loaded TP AndroidTargetPlatform
[2019.01.16-15.04.30:231][  0]LogTemp: Display: Loaded TP AndroidTargetPlatform
[2019.01.16-15.04.30:231][  0]LogTemp: Display: Loaded TP AndroidTargetPlatform
[2019.01.16-15.04.30:231][  0]LogTemp: Display: Loaded TP AndroidTargetPlatform
[2019.01.16-15.04.30:231][  0]LogTemp: Display: Loaded TP AndroidTargetPlatform
[2019.01.16-15.04.30:231][  0]LogTemp: Display: Loaded TP AndroidTargetPlatform
[2019.01.16-15.04.30:231][  0]LogTemp: Display: Loaded TP AndroidTargetPlatform
[2019.01.16-15.04.30:231][  0]LogTemp: Display: Loaded TP AndroidTargetPlatform
[2019.01.16-15.04.30:231][  0]LogTemp: Display: Loaded TP AndroidTargetPlatform
[2019.01.16-15.04.30:231][  0]LogTemp: Display: Loaded TP AndroidTargetPlatform
[2019.01.16-15.04.30:231][  0]LogTemp: Display: Loaded TP AndroidTargetPlatform
[2019.01.16-15.04.30:231][  0]LogTemp: Display: Loaded TP AndroidTargetPlatform
[2019.01.16-15.04.30:231][  0]LogTemp: Display: Loaded TP AndroidTargetPlatform
[2019.01.16-15.04.30:231][  0]LogTemp: Display: Loaded TP AndroidTargetPlatform
[2019.01.16-15.04.30:231][  0]LogTemp: Display: Loaded TP AndroidTargetPlatform
[2019.01.16-15.04.30:231][  0]LogTemp: Display: Loaded TP AndroidTargetPlatform
[2019.01.16-15.04.30:232][  0]LogTemp: Display: Loaded TP HTML5TargetPlatform
[2019.01.16-15.04.30:290][  0]LogTemp: Display: Loaded TP IOSTargetPlatform
[2019.01.16-15.04.30:290][  0]LogTemp: Display: Loaded TP IOSTargetPlatform
[2019.01.16-15.04.30:309][  0]LogTemp: Display: Loaded TP TVOSTargetPlatform
[2019.01.16-15.04.30:309][  0]LogTemp: Display: Loaded TP TVOSTargetPlatform
[2019.01.16-15.04.30:321][  0]LogTemp: Display: Loaded TP LinuxClientTargetPlatform
[2019.01.16-15.04.30:331][  0]LogTemp: Display: Loaded TP LinuxNoEditorTargetPlatform
[2019.01.16-15.04.30:341][  0]LogTemp: Display: Loaded TP LinuxServerTargetPlatform
[2019.01.16-15.04.30:353][  0]LogTemp: Display: Loaded TP LinuxTargetPlatform
[2019.01.16-15.04.30:361][  0]LogTemp: Display: Loaded TP LuminTargetPlatform
[2019.01.16-15.04.30:361][  0]LogTargetPlatformManager: Display: Building Assets For Windows
[2019.01.16-15.04.30:427][  0]LogXGEController: Cannot use XGE Controller as Incredibuild is not installed on this machine.
[2019.01.16-15.04.30:427][  0]LogShaderCompilers: Cannot use XGE Shader Compiler as Incredibuild is not installed on this machine.
[2019.01.16-15.04.30:427][  0]LogShaderCompilers: Display: Using Local Shader Compiler.
[2019.01.16-15.04.31:109][  0]LogDerivedDataCache: Display: Max Cache Size: 512 MB
[2019.01.16-15.04.31:163][  0]LogDerivedDataCache: Loaded boot cache 0.05s 71MB C:/Users/u0969378/AppData/Local/UnrealEngine/4.20/DerivedDataCache/Boot.ddc.
[2019.01.16-15.04.31:164][  0]LogDerivedDataCache: Display: Loaded Boot cache: C:/Users/u0969378/AppData/Local/UnrealEngine/4.20/DerivedDataCache/Boot.ddc
[2019.01.16-15.04.31:164][  0]LogDerivedDataCache: FDerivedDataBackendGraph:  Pak pak cache file ../../../../../../Users/u0969378/Desktop/MariaMancera_unrealProject/MM_AssetPipeline/MM_ICWB001_AP/DerivedDataCache/DDC.ddp not found, will not use a pak cache.
[2019.01.16-15.04.31:164][  0]LogDerivedDataCache: Unable to find inner node Pak for hierarchical cache Hierarchy.
[2019.01.16-15.04.31:164][  0]LogDerivedDataCache: FDerivedDataBackendGraph:  CompressedPak pak cache file ../../../../../../Users/u0969378/Desktop/MariaMancera_unrealProject/MM_AssetPipeline/MM_ICWB001_AP/DerivedDataCache/Compressed.ddp not found, will not use a pak cache.
[2019.01.16-15.04.31:164][  0]LogDerivedDataCache: Unable to find inner node CompressedPak for hierarchical cache Hierarchy.
[2019.01.16-15.04.31:177][  0]LogDerivedDataCache: Display: Pak cache opened for reading ../../../Engine/DerivedDataCache/Compressed.ddp.
[2019.01.16-15.04.31:190][  0]LogDerivedDataCache: Using Local data cache path C:/Users/u0969378/AppData/Local/UnrealEngine/Common/DerivedDataCache: Writable
[2019.01.16-15.04.31:190][  0]LogDerivedDataCache: Shared data cache path not found in *engine.ini, will not use an Shared cache.
[2019.01.16-15.04.31:190][  0]LogDerivedDataCache: Unable to find inner node Shared for hierarchical cache Hierarchy.
[2019.01.16-15.04.31:208][  0]LogMaterial: Verifying Global Shaders for PCD3D_SM5
[2019.01.16-15.04.31:209][  0]LogSlate: Using FreeType 2.6.0
[2019.01.16-15.04.31:210][  0]LogSlate: SlateFontServices - WITH_FREETYPE: 1, WITH_HARFBUZZ: 1
[2019.01.16-15.04.31:280][  0]LogAssetRegistry: FAssetRegistry took 0.0257 seconds to start up
[2019.01.16-15.04.31:579][  0]LogInit: Selected Device Profile: [Windows]
[2019.01.16-15.04.31:706][  0]LogSimplygon: Simplygon DLL not present - disabling.
[2019.01.16-15.04.31:709][  0]LogMeshReduction: Using SimplygonSwarm for distributed automatic mesh merging
[2019.01.16-15.04.31:709][  0]LogMeshReduction: Using ProxyLODMeshReduction for automatic mesh merging
[2019.01.16-15.04.31:709][  0]LogMeshReduction: Using QuadricMeshReduction for automatic static mesh reduction
[2019.01.16-15.04.31:709][  0]LogMeshReduction: No automatic skeletal mesh reduction module available
[2019.01.16-15.04.31:722][  0]LogNetVersion: MM_ICWB001_AP 1.0.0, NetCL: 4212847, EngineNetVer: 5, GameNetVer: 0 (Checksum: 134398343)
[2019.01.16-15.04.32:241][  0]LogPackageLocalizationCache: Processed 11 localized package path(s) for 2 prioritized culture(s) in 0.118035 seconds
[2019.01.16-15.04.32:248][  0]LogUObjectArray: 38425 objects as part of root set at end of initial load.
[2019.01.16-15.04.32:249][  0]LogUObjectAllocator: 6690872 out of 0 bytes used by permanent object pool.
[2019.01.16-15.04.32:249][  0]LogUObjectArray: CloseDisregardForGC: 0/0 objects in disregard for GC pool
[2019.01.16-15.04.33:100][  0]LogTcpMessaging: Initializing TcpMessaging bridge
[2019.01.16-15.04.33:114][  0]LogUdpMessaging: Initializing bridge on interface 0.0.0.0:0 to multicast group 230.0.0.1:6666.
[2019.01.16-15.04.33:266][  0]SourceControl: Source control is disabled
[2019.01.16-15.04.33:266][  0]SourceControl: Source control is disabled
[2019.01.16-15.04.33:268][  0]SourceControl: Source control is disabled
[2019.01.16-15.04.33:269][  0]SourceControl: Source control is disabled
[2019.01.16-15.04.33:432][  0]LogAndroidPermission: UAndroidPermissionCallbackProxy::GetInstance
[2019.01.16-15.04.33:518][  0]LogOcInput: OculusInput pre-init called
[2019.01.16-15.04.33:579][  0]LogEngine: Initializing Engine...
[2019.01.16-15.04.33:580][  0]LogHMD: Failed to initialize OpenVR with code 110
[2019.01.16-15.04.33:581][  0]LogStats: UGameplayTagsManager::ConstructGameplayTagTree: ImportINI prefixes -  0.000 s
[2019.01.16-15.04.33:581][  0]LogStats: UGameplayTagsManager::ConstructGameplayTagTree: Construct from data asset -  0.000 s
[2019.01.16-15.04.33:581][  0]LogStats: UGameplayTagsManager::ConstructGameplayTagTree: ImportINI -  0.000 s
[2019.01.16-15.04.33:581][  0]LogStats: UGameplayTagsManager::ConstructGameplayTagTree: GameplayTagTreeChangedEvent.Broadcast -  0.000 s
[2019.01.16-15.04.33:803][  0]LogInit: Initializing FReadOnlyCVARCache
[2019.01.16-15.04.33:820][  0]LogAIModule: Creating AISystem for world Untitled
[2019.01.16-15.04.33:854][  0]LogInit: XAudio2 using '1 - CintiqPro24P (AMD High Definition Audio Device)' : 2 channels at 48 kHz using 16 bits per sample (channel mask 0x3)
[2019.01.16-15.04.33:868][  0]LogInit: FAudioDevice initialized.
[2019.01.16-15.04.33:868][  0]LogNetVersion: Set ProjectVersion to 1.0.0.0. Version Checksum will be recalculated on next use.
[2019.01.16-15.04.33:974][  0]LogDerivedDataCache: Saved boot cache 0.11s 71MB C:/Users/u0969378/AppData/Local/UnrealEngine/4.20/DerivedDataCache/Boot.ddc.
[2019.01.16-15.04.33:986][  0]LogInit: Texture streaming: Enabled
[2019.01.16-15.04.34:008][  0]LogEngineSessionManager: EngineSessionManager initialized
[2019.01.16-15.04.34:027][  0]LogInit: Transaction tracking system initialized
[2019.01.16-15.04.34:053][  0]BlueprintLog: New page: Editor Load
[2019.01.16-15.04.34:142][  0]LocalizationService: Localization service is disabled
[2019.01.16-15.04.34:424][  0]LogCook: Display: Max memory allowance for cook 16384mb min free memory 0mb
[2019.01.16-15.04.34:424][  0]LogCook: Display: Mobile HDR setting 1
[2019.01.16-15.04.34:425][  0]LogFileCache: Scanning file cache for directory 'C:/Users/u0969378/Desktop/MariaMancera_unrealProject/MM_AssetPipeline/MM_ICWB001_AP/Content/' took 0.02s
[2019.01.16-15.04.34:425][  0]LogGameplayTags: Display: UGameplayTagsManager::DoneAddingNativeTags. DelegateIsBound: 0
[2019.01.16-15.04.34:425][  0]LogStats: UGameplayTagsManager::ConstructGameplayTagTree: ImportINI prefixes -  0.000 s
[2019.01.16-15.04.34:425][  0]LogStats: UGameplayTagsManager::ConstructGameplayTagTree: Construct from data asset -  0.000 s
[2019.01.16-15.04.34:425][  0]LogStats: UGameplayTagsManager::ConstructGameplayTagTree: ImportINI -  0.000 s
[2019.01.16-15.04.34:425][  0]LogStats: UGameplayTagsManager::ConstructGameplayTagTree: GameplayTagTreeChangedEvent.Broadcast -  0.000 s
[2019.01.16-15.04.34:550][  0]SourceControl: Source control is disabled
[2019.01.16-15.04.34:550][  0]Cmd: MAP LOAD FILE="../../../Engine/Content/Maps/Templates/Template_Default.umap" TEMPLATE=1 SHOWPROGRESS=1 FEATURELEVEL=3
[2019.01.16-15.04.34:550][  0]LightingResults: New page: Lighting Build
[2019.01.16-15.04.34:554][  0]MapCheck: New page: Map Check
[2019.01.16-15.04.34:554][  0]LightingResults: New page: Lighting Build
[2019.01.16-15.04.34:736][  0]LogAIModule: Creating AISystem for world Untitled_1
[2019.01.16-15.04.34:742][  0]LogEditorServer: Finished looking for orphan Actors (0.000 secs)
[2019.01.16-15.04.34:763][  0]Cmd: MAP CHECKDEP NOCLEARLOG
[2019.01.16-15.04.34:827][  0]MapCheck: Map check complete: 0 Error(s), 0 Warning(s), took 63.731ms to complete.
[2019.01.16-15.04.34:827][  0]LogFileHelpers: Loading map 'Template_Default' took 0.276
[2019.01.16-15.04.34:991][  0]LogSlate: Updating window title bar state: overlay mode, drag disabled, window buttons hidden, title bar hidden
[2019.01.16-15.04.35:001][  0]LogSlate: Updating window title bar state: overlay mode, drag disabled, window buttons hidden, title bar hidden
[2019.01.16-15.04.35:007][  0]LogSlate: Updating window title bar state: overlay mode, drag disabled, window buttons hidden, title bar hidden
[2019.01.16-15.04.35:014][  0]LogSlate: Updating window title bar state: overlay mode, drag disabled, window buttons hidden, title bar hidden
[2019.01.16-15.04.35:033][  0]LogCollectionManager: Loaded 0 collections in 0.002119 seconds
[2019.01.16-15.04.35:099][  0]LogFileCache: Scanning file cache for directory 'C:/Users/u0969378/Desktop/MariaMancera_unrealProject/MM_AssetPipeline/MM_ICWB001_AP/Saved/Collections/' took 0.01s
[2019.01.16-15.04.35:099][  0]LogFileCache: Scanning file cache for directory 'C:/Users/u0969378/Desktop/MariaMancera_unrealProject/MM_AssetPipeline/MM_ICWB001_AP/Content/Developers/u0969378/Collections/' took 0.01s
[2019.01.16-15.04.35:099][  0]LogFileCache: Scanning file cache for directory 'C:/Users/u0969378/Desktop/MariaMancera_unrealProject/MM_AssetPipeline/MM_ICWB001_AP/Content/Collections/' took 0.01s
[2019.01.16-15.04.35:099][  0]LogCollectionManager: Rebuilt the GUID cache for 0 collections in 0.000000 seconds
[2019.01.16-15.04.35:110][  0]LogContentBrowser: Native class hierarchy populated in 0.0088 seconds. Added 2572 classes and 603 folders.
[2019.01.16-15.04.35:129][  0]LogContentBrowser: Native class hierarchy updated for 'WidgetCarousel' in 0.0002 seconds. Added 0 classes and 0 folders.
[2019.01.16-15.04.35:608][  0]LogContentBrowser: Native class hierarchy updated for 'AddContentDialog' in 0.0002 seconds. Added 0 classes and 0 folders.
[2019.01.16-15.04.35:623][  0]LogContentBrowser: Native class hierarchy updated for 'SceneOutliner' in 0.0002 seconds. Added 1 classes and 2 folders.
[2019.01.16-15.04.35:703][  0]LogSlate: Took 0.000192 seconds to synchronously load lazily loaded font '../../../Engine/Content/Slate/Fonts/Roboto-Regular.ttf' (155K)
[2019.01.16-15.04.35:705][  0]LogSlate: Took 0.000168 seconds to synchronously load lazily loaded font '../../../Engine/Content/Slate/Fonts/Roboto-Bold.ttf' (160K)
[2019.01.16-15.04.35:718][  0]LogSlate: Took 0.005973 seconds to synchronously load lazily loaded font '../../../Engine/Content/Editor/Slate/Fonts/FontAwesome.ttf' (139K)
[2019.01.16-15.04.35:875][  0]LogRenderer: Reallocating scene render targets to support 1208x576 Format 10 NumSamples 1 (Frame:1).
[2019.01.16-15.04.36:077][  0]LogContentBrowser: Native class hierarchy updated for 'HierarchicalLODOutliner' in 0.0002 seconds. Added 0 classes and 0 folders.
[2019.01.16-15.04.36:077][  0]LogLoad: (Engine Initialization) Total time: 8.86 seconds
[2019.01.16-15.04.36:077][  0]LogLoad: (Engine Initialization) Total Blueprint compile time: 0.00 seconds
[2019.01.16-15.04.36:087][  0]LogWindowsTextInputMethodSystem: Display: IME system now deactivated.
[2019.01.16-15.04.36:112][  0]LogContentStreaming: Texture pool size now 1000 MB
[2019.01.16-15.04.36:180][  1]LogAssetRegistry: Asset discovery search completed in 4.9230 seconds
[2019.01.16-15.04.36:182][  1]LogCollectionManager: Rebuilt the object cache for 0 collections in 0.000000 seconds (found 0 objects)
[2019.01.16-15.04.36:182][  1]LogCollectionManager: Fixed up redirectors for 0 collections in 0.000045 seconds (updated 0 objects)
[2019.01.16-15.04.44:158][948]LogSlate: FSceneViewport::OnFocusLost() reason 0
[2019.01.16-15.04.44:285][962]LogSlate: Took 0.006324 seconds to synchronously load lazily loaded font '../../../Engine/Content/Slate/Fonts/Roboto-Light.ttf' (167K)
[2019.01.16-15.04.44:397][962]LogAIModule: Creating AISystem for world MM_StreetLevel_1
[2019.01.16-15.04.44:410][962]LogAssetEditorManager: Opening Asset editor for World /Game/MM_StreetLevel_1.MM_StreetLevel_1
[2019.01.16-15.04.44:433][962]Cmd: MAP LOAD FILE="../../../../../../Users/u0969378/Desktop/MariaMancera_unrealProject/MM_AssetPipeline/MM_ICWB001_AP/Content/MM_StreetLevel_1.umap" TEMPLATE=0 SHOWPROGRESS=1 FEATURELEVEL=3
[2019.01.16-15.04.44:433][962]LightingResults: New page: Lighting Build
[2019.01.16-15.04.44:434][962]LoadErrors: New page: Loading map: MM_StreetLevel_1.umap
[2019.01.16-15.04.44:434][962]MapCheck: New page: Map Check
[2019.01.16-15.04.44:434][962]LightingResults: New page: Lighting Build
[2019.01.16-15.04.44:460][962]LogEditorServer: Finished looking for orphan Actors (0.000 secs)
[2019.01.16-15.04.44:500][962]Cmd: MAP CHECKDEP NOCLEARLOG
[2019.01.16-15.04.44:560][962]MapCheck: Map check complete: 0 Error(s), 0 Warning(s), took 60.51ms to complete.
[2019.01.16-15.04.44:560][962]LogFileHelpers: Loading map 'MM_StreetLevel_1' took 0.130
[2019.01.16-15.05.53:563][182]LogSlate: FSceneViewport::OnFocusLost() reason 0
[2019.01.16-15.09.48:304][553]Cmd: TRANSACTION UNDO
[2019.01.16-15.09.48:304][553]LogEditorTransaction: Undo Apply Material to Selected Surfaces
[2019.01.16-15.09.49:053][631]LogEditorViewport: Clicking on Actor (LMB): BP_Sky_Sphere_C (Sky Sphere)
[2019.01.16-15.09.55:189][317]Cmd: TRANSACTION UNDO
[2019.01.16-15.09.55:189][317]LogEditorTransaction: Undo Apply Material to Selected Surfaces
[2019.01.16-15.09.56:827][493]Cmd: CAMERA ALIGN ACTIVEVIEWPORTONLY
[2019.01.16-15.10.00:101][852]LogSlate: FSceneViewport::OnFocusLost() reason 0
[2019.01.16-15.11.08:653][690]LogSlate: FSceneViewport::OnFocusLost() reason 0
[2019.01.16-15.11.33:245][517]Cmd: TRANSACTION UNDO
[2019.01.16-15.11.33:245][517]LogEditorTransaction: Undo Move Actors
[2019.01.16-15.11.33:297][517]LogActorComponent: ~FComponentReregisterContext: (/Game/MM_StreetLevel_1.MM_StreetLevel_1:PersistentLevel.Brush_Street_56.BrushComponent0) Component already registered.
[2019.01.16-15.12.39:788][977]Cmd: TRANSACTION UNDO
[2019.01.16-15.12.39:788][977]LogEditorTransaction: Undo Apply Material to Selected Surfaces
[2019.01.16-15.12.43:344][357]LogSlate: FSceneViewport::OnFocusLost() reason 0
[2019.01.16-15.13.30:920][708]LogEditorViewport: Clicking on Actor (LMB): BP_Sky_Sphere_C (Sky Sphere)
[2019.01.16-15.13.38:475][563]LogSlate: FSceneViewport::OnFocusLost() reason 0
[2019.01.16-15.14.03:053][507]LogAIModule: Creating AISystem for world MM_StreetLevel_2
[2019.01.16-15.14.44:738][149]LogSavePackage: Moving '../../../../../../Users/u0969378/Desktop/MariaMancera_unrealProject/MM_AssetPipeline/MM_ICWB001_AP/Saved/MM_StreetLevel_1_Auto15D8CD29B48B0AC663EBE6F840CCC68DC.tmp' to '../../../../../../Users/u0969378/Desktop/MariaMancera_unrealProject/MM_AssetPipeline/MM_ICWB001_AP/Saved/Autosaves/Game/MM_StreetLevel_1_Auto1.umap'
[2019.01.16-15.14.44:743][149]LogFileHelpers: Editor autosave (incl. sublevels) for '/Game/MM_StreetLevel_1' took 0.530
[2019.01.16-15.14.44:743][149]LogFileHelpers: Editor autosave (incl. sublevels) for all levels took 0.530
[2019.01.16-15.14.44:748][149]OBJ SavePackage: Generating thumbnails for [0] asset(s) in package [/Game/MM_StreetLevel_2_BuiltData] ([1] browsable assets)...
[2019.01.16-15.14.44:748][149]OBJ SavePackage: Finished generating thumbnails for package [/Game/MM_StreetLevel_2_BuiltData]
[2019.01.16-15.14.44:768][149]LogSavePackage: Moving '../../../../../../Users/u0969378/Desktop/MariaMancera_unrealProject/MM_AssetPipeline/MM_ICWB001_AP/Saved/MM_StreetLevel_2_BuiltData_Auto1F74C52FB44F21B5268C4228A9260143A.tmp' to '../../../../../../Users/u0969378/Desktop/MariaMancera_unrealProject/MM_AssetPipeline/MM_ICWB001_AP/Saved/Autosaves/Game/MM_StreetLevel_2_BuiltData_Auto1.uasset'
[2019.01.16-15.14.44:769][149]LogFileHelpers: Auto-saving content packages took 0.022
[2019.01.16-15.16.57:533][840]Cmd: TRANSACTION UNDO
[2019.01.16-15.16.57:533][840]LogEditorTransaction: Undo Move Actors
[2019.01.16-15.16.57:610][840]LogActorComponent: ~FComponentReregisterContext: (/Game/MM_StreetLevel_1.MM_StreetLevel_1:PersistentLevel.Brush_Street_39.BrushComponent0) Component already registered.
[2019.01.16-15.16.57:610][840]LogActorComponent: ~FComponentReregisterContext: (/Game/MM_StreetLevel_1.MM_StreetLevel_1:PersistentLevel.Brush_Street_73.BrushComponent0) Component already registered.
[2019.01.16-15.16.57:612][840]LogActorComponent: ~FComponentReregisterContext: (/Game/MM_StreetLevel_1.MM_StreetLevel_1:PersistentLevel.Brush_Street_27.BrushComponent0) Component already registered.
[2019.01.16-15.16.57:613][840]LogActorComponent: ~FComponentReregisterContext: (/Game/MM_StreetLevel_1.MM_StreetLevel_1:PersistentLevel.Brush_grass_5.BrushComponent0) Component already registered.
[2019.01.16-15.16.57:613][840]LogActorComponent: ~FComponentReregisterContext: (/Game/MM_StreetLevel_1.MM_StreetLevel_1:PersistentLevel.Brush_SideWalk_25.BrushComponent0) Component already registered.
[2019.01.16-15.16.57:614][840]LogActorComponent: ~FComponentReregisterContext: (/Game/MM_StreetLevel_1.MM_StreetLevel_1:PersistentLevel.Brush_Street_65.BrushComponent0) Component already registered.
[2019.01.16-15.16.57:614][840]LogActorComponent: ~FComponentReregisterContext: (/Game/MM_StreetLevel_1.MM_StreetLevel_1:PersistentLevel.Brush_Street_54.BrushComponent0) Component already registered.
[2019.01.16-15.16.57:614][840]LogActorComponent: ~FComponentReregisterContext: (/Game/MM_StreetLevel_1.MM_StreetLevel_1:PersistentLevel.Brush_Street_49.BrushComponent0) Component already registered.
[2019.01.16-15.16.57:615][840]LogActorComponent: ~FComponentReregisterContext: (/Game/MM_StreetLevel_1.MM_StreetLevel_1:PersistentLevel.Brush_grass_52.BrushComponent0) Component already registered.
[2019.01.16-15.16.57:616][840]LogActorComponent: ~FComponentReregisterContext: (/Game/MM_StreetLevel_1.MM_StreetLevel_1:PersistentLevel.Brush_SideWalk_41.BrushComponent0) Component already registered.
[2019.01.16-15.16.57:619][840]LogActorComponent: ~FComponentReregisterContext: (/Game/MM_StreetLevel_1.MM_StreetLevel_1:PersistentLevel.Brush_Street_15.BrushComponent0) Component already registered.
[2019.01.16-15.16.57:619][840]LogActorComponent: ~FComponentReregisterContext: (/Game/MM_StreetLevel_1.MM_StreetLevel_1:PersistentLevel.Brush_SideWalk_6.BrushComponent0) Component already registered.
[2019.01.16-15.16.57:620][840]LogActorComponent: ~FComponentReregisterContext: (/Game/MM_StreetLevel_1.MM_StreetLevel_1:PersistentLevel.Brush_Street_11.BrushComponent0) Component already registered.
[2019.01.16-15.16.57:620][840]LogActorComponent: ~FComponentReregisterContext: (/Game/MM_StreetLevel_1.MM_StreetLevel_1:PersistentLevel.Brush_Street_3.BrushComponent0) Component already registered.
[2019.01.16-15.16.57:621][840]LogActorComponent: ~FComponentReregisterContext: (/Game/MM_StreetLevel_1.MM_StreetLevel_1:PersistentLevel.Brush_grass_13.BrushComponent0) Component already registered.
[2019.01.16-15.16.57:621][840]LogActorComponent: ~FComponentReregisterContext: (/Game/MM_StreetLevel_1.MM_StreetLevel_1:PersistentLevel.Brush_grass_21.BrushComponent0) Component already registered.
[2019.01.16-15.16.57:622][840]LogActorComponent: ~FComponentReregisterContext: (/Game/MM_StreetLevel_1.MM_StreetLevel_1:PersistentLevel.Brush_Street_78.BrushComponent0) Component already registered.
[2019.01.16-15.16.57:622][840]LogActorComponent: ~FComponentReregisterContext: (/Game/MM_StreetLevel_1.MM_StreetLevel_1:PersistentLevel.Brush_SideWalk_31.BrushComponent0) Component already registered.
[2019.01.16-15.16.57:622][840]LogActorComponent: ~FComponentReregisterContext: (/Game/MM_StreetLevel_1.MM_StreetLevel_1:PersistentLevel.Brush_Street_85.BrushComponent0) Component already registered.
[2019.01.16-15.16.57:625][840]LogActorComponent: ~FComponentReregisterContext: (/Game/MM_StreetLevel_1.MM_StreetLevel_1:PersistentLevel.Brush_grass_25.BrushComponent0) Component already registered.
[2019.01.16-15.16.57:625][840]LogActorComponent: ~FComponentReregisterContext: (/Game/MM_StreetLevel_1.MM_StreetLevel_1:PersistentLevel.Brush_grass_37.BrushComponent0) Component already registered.
[2019.01.16-15.23.03:695][200]LogSlate: FSceneViewport::OnFocusLost() reason 2
[2019.01.16-15.23.06:394][480]LogEditorViewport: Clicking on Actor (LMB): BP_Sky_Sphere_C (Sky Sphere)
[2019.01.16-15.23.10:376][946]LogEditorViewport: Clicking on Actor (LMB): BP_Sky_Sphere_C (Sky Sphere)
[2019.01.16-15.23.15:067][492]Cmd: CAMERA ALIGN ACTIVEVIEWPORTONLY
[2019.01.16-15.23.24:582][617]LogSlate: FSceneViewport::OnFocusLost() reason 0
[2019.01.16-15.23.30:189][261]Cmd: TRANSACTION UNDO
[2019.01.16-15.23.30:190][261]LogEditorTransaction: Undo Scale Actors
[2019.01.16-15.23.30:267][261]LogActorComponent: ~FComponentReregisterContext: (/Game/MM_StreetLevel_1.MM_StreetLevel_1:PersistentLevel.Brush_Street_56.BrushComponent0) Component already registered.
[2019.01.16-15.23.30:268][261]LogActorComponent: ~FComponentReregisterContext: (/Game/MM_StreetLevel_1.MM_StreetLevel_1:PersistentLevel.Brush_Street_59.BrushComponent0) Component already registered.
[2019.01.16-15.23.30:268][261]LogActorComponent: ~FComponentReregisterContext: (/Game/MM_StreetLevel_1.MM_StreetLevel_1:PersistentLevel.Brush_Street_54.BrushComponent0) Component already registered.
[2019.01.16-15.23.30:269][261]LogActorComponent: ~FComponentReregisterContext: (/Game/MM_StreetLevel_1.MM_StreetLevel_1:PersistentLevel.Brush_Street_41.BrushComponent0) Component already registered.
[2019.01.16-15.23.30:269][261]LogActorComponent: ~FComponentReregisterContext: (/Game/MM_StreetLevel_1.MM_StreetLevel_1:PersistentLevel.Brush_Street_36.BrushComponent0) Component already registered.
[2019.01.16-15.23.30:269][261]LogActorComponent: ~FComponentReregisterContext: (/Game/MM_StreetLevel_1.MM_StreetLevel_1:PersistentLevel.Brush_Street_46.BrushComponent0) Component already registered.
[2019.01.16-15.23.30:270][261]LogActorComponent: ~FComponentReregisterContext: (/Game/MM_StreetLevel_1.MM_StreetLevel_1:PersistentLevel.Brush_Street_71.BrushComponent0) Component already registered.
[2019.01.16-15.23.30:270][261]LogActorComponent: ~FComponentReregisterContext: (/Game/MM_StreetLevel_1.MM_StreetLevel_1:PersistentLevel.Brush_Street_72.BrushComponent0) Component already registered.
[2019.01.16-15.23.30:270][261]LogActorComponent: ~FComponentReregisterContext: (/Game/MM_StreetLevel_1.MM_StreetLevel_1:PersistentLevel.Brush_Street_61.BrushComponent0) Component already registered.
[2019.01.16-15.23.30:271][261]LogActorComponent: ~FComponentReregisterContext: (/Game/MM_StreetLevel_1.MM_StreetLevel_1:PersistentLevel.Brush_SideWalk_26.BrushComponent0) Component already registered.
[2019.01.16-15.23.30:271][261]LogActorComponent: ~FComponentReregisterContext: (/Game/MM_StreetLevel_1.MM_StreetLevel_1:PersistentLevel.Brush_grass_7.BrushComponent0) Component already registered.
[2019.01.16-15.23.30:271][261]LogActorComponent: ~FComponentReregisterContext: (/Game/MM_StreetLevel_1.MM_StreetLevel_1:PersistentLevel.Brush_Street_77.BrushComponent0) Component already registered.
[2019.01.16-15.23.30:271][261]LogActorComponent: ~FComponentReregisterContext: (/Game/MM_StreetLevel_1.MM_StreetLevel_1:PersistentLevel.Brush_Street_14.BrushComponent0) Component already registered.
[2019.01.16-15.23.30:272][261]LogActorComponent: ~FComponentReregisterContext: (/Game/MM_StreetLevel_1.MM_StreetLevel_1:PersistentLevel.Brush_SideWalk_3.BrushComponent0) Component already registered.
[2019.01.16-15.23.30:272][261]LogActorComponent: ~FComponentReregisterContext: (/Game/MM_StreetLevel_1.MM_StreetLevel_1:PersistentLevel.Brush_Street_19.BrushComponent0) Component already registered.
[2019.01.16-15.23.30:272][261]LogActorComponent: ~FComponentReregisterContext: (/Game/MM_StreetLevel_1.MM_StreetLevel_1:PersistentLevel.Brush_Street_2.BrushComponent0) Component already registered.
[2019.01.16-15.23.30:276][261]LogActorComponent: ~FComponentReregisterContext: (/Game/MM_StreetLevel_1.MM_StreetLevel_1:PersistentLevel.Brush_Street_16.BrushComponent0) Component already registered.
[2019.01.16-15.23.30:277][261]LogActorComponent: ~FComponentReregisterContext: (/Game/MM_StreetLevel_1.MM_StreetLevel_1:PersistentLevel.Brush_Street_28.BrushComponent0) Component already registered.
[2019.01.16-15.23.30:277][261]LogActorComponent: ~FComponentReregisterContext: (/Game/MM_StreetLevel_1.MM_StreetLevel_1:PersistentLevel.Brush_Street_29.BrushComponent0) Component already registered.
[2019.01.16-15.23.30:277][261]LogActorComponent: ~FComponentReregisterContext: (/Game/MM_StreetLevel_1.MM_StreetLevel_1:PersistentLevel.Brush_SideWalk_5.BrushComponent0) Component already registered.
[2019.01.16-15.23.30:277][261]LogActorComponent: ~FComponentReregisterContext: (/Game/MM_StreetLevel_1.MM_StreetLevel_1:PersistentLevel.Brush_SideWalk_11.BrushComponent0) Component already registered.
[2019.01.16-15.23.30:277][261]LogActorComponent: ~FComponentReregisterContext: (/Game/MM_StreetLevel_1.MM_StreetLevel_1:PersistentLevel.Brush_SideWalk_16.BrushComponent0) Component already registered.
[2019.01.16-15.23.30:278][261]LogActorComponent: ~FComponentReregisterContext: (/Game/MM_StreetLevel_1.MM_StreetLevel_1:PersistentLevel.Brush_grass_52.BrushComponent0) Component already registered.
[2019.01.16-15.23.30:278][261]LogActorComponent: ~FComponentReregisterContext: (/Game/MM_StreetLevel_1.MM_StreetLevel_1:PersistentLevel.Brush_grass_56.BrushComponent0) Component already registered.
[2019.01.16-15.23.30:278][261]LogActorComponent: ~FComponentReregisterContext: (/Game/MM_StreetLevel_1.MM_StreetLevel_1:PersistentLevel.Brush_Street_100.BrushComponent0) Component already registered.
[2019.01.16-15.23.30:279][261]LogActorComponent: ~FComponentReregisterContext: (/Game/MM_StreetLevel_1.MM_StreetLevel_1:PersistentLevel.Brush_grass_48.BrushComponent0) Component already registered.
[2019.01.16-15.23.30:279][261]LogActorComponent: ~FComponentReregisterContext: (/Game/MM_StreetLevel_1.MM_StreetLevel_1:PersistentLevel.Brush_grass_43.BrushComponent0) Component already registered.
[2019.01.16-15.23.30:279][261]LogActorComponent: ~FComponentReregisterContext: (/Game/MM_StreetLevel_1.MM_StreetLevel_1:PersistentLevel.Brush_SideWalk_41.BrushComponent0) Component already registered.
[2019.01.16-15.23.30:280][261]LogActorComponent: ~FComponentReregisterContext: (/Game/MM_StreetLevel_1.MM_StreetLevel_1:PersistentLevel.Brush_SideWalk_48.BrushComponent0) Component already registered.
[2019.01.16-15.23.30:280][261]LogActorComponent: ~FComponentReregisterContext: (/Game/MM_StreetLevel_1.MM_StreetLevel_1:PersistentLevel.Brush_grass_67.BrushComponent0) Component already registered.
[2019.01.16-15.23.30:280][261]LogActorComponent: ~FComponentReregisterContext: (/Game/MM_StreetLevel_1.MM_StreetLevel_1:PersistentLevel.Brush_grass_58.BrushComponent0) Component already registered.
[2019.01.16-15.23.30:281][261]LogActorComponent: ~FComponentReregisterContext: (/Game/MM_StreetLevel_1.MM_StreetLevel_1:PersistentLevel.Brush_Street_105.BrushComponent0) Component already registered.
[2019.01.16-15.23.30:281][261]LogActorComponent: ~FComponentReregisterContext: (/Game/MM_StreetLevel_1.MM_StreetLevel_1:PersistentLevel.Brush_grass_62.BrushComponent0) Component already registered.
[2019.01.16-15.23.30:281][261]LogActorComponent: ~FComponentReregisterContext: (/Game/MM_StreetLevel_1.MM_StreetLevel_1:PersistentLevel.Brush_SideWalk_37.BrushComponent0) Component already registered.
[2019.01.16-15.23.30:282][261]LogActorComponent: ~FComponentReregisterContext: (/Game/MM_StreetLevel_1.MM_StreetLevel_1:PersistentLevel.Brush_grass_18.BrushComponent0) Component already registered.
[2019.01.16-15.23.30:282][261]LogActorComponent: ~FComponentReregisterContext: (/Game/MM_StreetLevel_1.MM_StreetLevel_1:PersistentLevel.Brush_grass_13.BrushComponent0) Component already registered.
[2019.01.16-15.23.30:282][261]LogActorComponent: ~FComponentReregisterContext: (/Game/MM_StreetLevel_1.MM_StreetLevel_1:PersistentLevel.Brush_Street_84.BrushComponent0) Component already registered.
[2019.01.16-15.23.30:282][261]LogActorComponent: ~FComponentReregisterContext: (/Game/MM_StreetLevel_1.MM_StreetLevel_1:PersistentLevel.Brush_Street_79.BrushComponent0) Component already registered.
[2019.01.16-15.23.30:282][261]LogActorComponent: ~FComponentReregisterContext: (/Game/MM_StreetLevel_1.MM_StreetLevel_1:PersistentLevel.Brush_SideWalk_32.BrushComponent0) Component already registered.
[2019.01.16-15.23.30:283][261]LogActorComponent: ~FComponentReregisterContext: (/Game/MM_StreetLevel_1.MM_StreetLevel_1:PersistentLevel.Brush_grass_42.BrushComponent0) Component already registered.
[2019.01.16-15.23.30:283][261]LogActorComponent: ~FComponentReregisterContext: (/Game/MM_StreetLevel_1.MM_StreetLevel_1:PersistentLevel.Brush_Street_87.BrushComponent0) Component already registered.
[2019.01.16-15.23.30:284][261]LogActorComponent: ~FComponentReregisterContext: (/Game/MM_StreetLevel_1.MM_StreetLevel_1:PersistentLevel.Brush_grass_20.BrushComponent0) Component already registered.
[2019.01.16-15.23.30:284][261]LogActorComponent: ~FComponentReregisterContext: (/Game/MM_StreetLevel_1.MM_StreetLevel_1:PersistentLevel.Brush_grass_26.BrushComponent0) Component already registered.
[2019.01.16-15.23.30:284][261]LogActorComponent: ~FComponentReregisterContext: (/Game/MM_StreetLevel_1.MM_StreetLevel_1:PersistentLevel.Brush_grass_31.BrushComponent0) Component already registered.
[2019.01.16-15.23.32:998][544]Cmd: EDCALLBACK SURFPROPS
[2019.01.16-15.24.00:460][811]LogSlate: FSceneViewport::OnFocusLost() reason 0
[2019.01.16-15.24.45:267][515]LogSavePackage: Moving '../../../../../../Users/u0969378/Desktop/MariaMancera_unrealProject/MM_AssetPipeline/MM_ICWB001_AP/Saved/MM_StreetLevel_1_Auto2B18EC130496DC8248961AEAF9ADE7B45.tmp' to '../../../../../../Users/u0969378/Desktop/MariaMancera_unrealProject/MM_AssetPipeline/MM_ICWB001_AP/Saved/Autosaves/Game/MM_StreetLevel_1_Auto2.umap'
[2019.01.16-15.24.45:271][515]LogFileHelpers: Editor autosave (incl. sublevels) for '/Game/MM_StreetLevel_1' took 0.545
[2019.01.16-15.24.45:271][515]LogFileHelpers: Editor autosave (incl. sublevels) for all levels took 0.545
[2019.01.16-15.29.49:815][940]LogSlate: FSceneViewport::OnFocusLost() reason 0
[2019.01.16-15.29.53:347][208]LogAssetEditorManager: Opening Asset editor for World /Game/MM_StreetLevel_2.MM_StreetLevel_2
[2019.01.16-15.29.57:040][208]LogSlate: Window 'Save Content' being destroyed
[2019.01.16-15.29.57:656][208]LogSavePackage: Moving '../../../../../../Users/u0969378/Desktop/MariaMancera_unrealProject/MM_AssetPipeline/MM_ICWB001_AP/Saved/MM_StreetLevel_10DCD2DE54EE6EA9BA3DEA2923BC8666A.tmp' to '../../../../../../Users/u0969378/Desktop/MariaMancera_unrealProject/MM_AssetPipeline/MM_ICWB001_AP/Content/MM_StreetLevel_1.umap'
[2019.01.16-15.29.57:708][208]LogFileHelpers: Saving map 'MM_StreetLevel_1' took 0.660
[2019.01.16-15.29.58:099][208]LogSavePackage: Moving '../../../../../../Users/u0969378/Desktop/MariaMancera_unrealProject/MM_AssetPipeline/MM_ICWB001_AP/Saved/MM_StreetLevel_25F4E4F994ABA79CDEE03FF8D6A32D408.tmp' to '../../../../../../Users/u0969378/Desktop/MariaMancera_unrealProject/MM_AssetPipeline/MM_ICWB001_AP/Content/MM_StreetLevel_2.umap'
[2019.01.16-15.29.58:110][208]LogFileHelpers: Saving map 'MM_StreetLevel_2' took 0.401
[2019.01.16-15.29.58:147][208]LogSavePackage: Moving '../../../../../../Users/u0969378/Desktop/MariaMancera_unrealProject/MM_AssetPipeline/MM_ICWB001_AP/Saved/MM_StreetLevel_2_BuiltDataB045DB62412F3F4AFBF5DE9A58E4C5F4.tmp' to '../../../../../../Users/u0969378/Desktop/MariaMancera_unrealProject/MM_AssetPipeline/MM_ICWB001_AP/Content/MM_StreetLevel_2_BuiltData.uasset'
[2019.01.16-15.29.58:158][208]Cmd: MAP LOAD FILE="../../../../../../Users/u0969378/Desktop/MariaMancera_unrealProject/MM_AssetPipeline/MM_ICWB001_AP/Content/MM_StreetLevel_2.umap" TEMPLATE=0 SHOWPROGRESS=1 FEATURELEVEL=3
[2019.01.16-15.29.58:158][208]LightingResults: New page: Lighting Build
[2019.01.16-15.29.58:159][208]LoadErrors: New page: Loading map: MM_StreetLevel_2.umap
[2019.01.16-15.29.58:162][208]MapCheck: New page: Map Check
[2019.01.16-15.29.58:162][208]LightingResults: New page: Lighting Build
[2019.01.16-15.29.58:193][208]LogEditorServer: Finished looking for orphan Actors (0.000 secs)
[2019.01.16-15.29.58:245][208]Cmd: MAP CHECKDEP NOCLEARLOG
[2019.01.16-15.29.58:310][208]MapCheck: Map check complete: 0 Error(s), 0 Warning(s), took 64.324ms to complete.
[2019.01.16-15.29.58:312][208]LogFileHelpers: Loading map 'MM_StreetLevel_2' took 0.155
[2019.01.16-15.30.01:295][511]LogAIModule: Creating AISystem for world MM_StreetLevel_1
[2019.01.16-15.30.01:319][511]LogAssetEditorManager: Opening Asset editor for World /Game/MM_StreetLevel_1.MM_StreetLevel_1
[2019.01.16-15.30.01:338][511]Cmd: MAP LOAD FILE="../../../../../../Users/u0969378/Desktop/MariaMancera_unrealProject/MM_AssetPipeline/MM_ICWB001_AP/Content/MM_StreetLevel_1.umap" TEMPLATE=0 SHOWPROGRESS=1 FEATURELEVEL=3
[2019.01.16-15.30.01:338][511]LightingResults: New page: Lighting Build
[2019.01.16-15.30.01:339][511]LoadErrors: New page: Loading map: MM_StreetLevel_1.umap
[2019.01.16-15.30.01:340][511]MapCheck: New page: Map Check
[2019.01.16-15.30.01:340][511]LightingResults: New page: Lighting Build
[2019.01.16-15.30.01:373][511]LogEditorServer: Finished looking for orphan Actors (0.000 secs)
[2019.01.16-15.30.01:417][511]Cmd: MAP CHECKDEP NOCLEARLOG
[2019.01.16-15.30.01:477][511]MapCheck: Map check complete: 0 Error(s), 0 Warning(s), took 61.133ms to complete.
[2019.01.16-15.30.01:477][511]LogFileHelpers: Loading map 'MM_StreetLevel_1' took 0.140
[2019.01.16-15.30.05:185][787]LogAIModule: Creating AISystem for world MM_StreetLevel_2
[2019.01.16-15.30.05:203][787]LogAssetEditorManager: Opening Asset editor for World /Game/MM_StreetLevel_2.MM_StreetLevel_2
[2019.01.16-15.30.05:222][787]Cmd: MAP LOAD FILE="../../../../../../Users/u0969378/Desktop/MariaMancera_unrealProject/MM_AssetPipeline/MM_ICWB001_AP/Content/MM_StreetLevel_2.umap" TEMPLATE=0 SHOWPROGRESS=1 FEATURELEVEL=3
[2019.01.16-15.30.05:222][787]LightingResults: New page: Lighting Build
[2019.01.16-15.30.05:223][787]LoadErrors: New page: Loading map: MM_StreetLevel_2.umap
[2019.01.16-15.30.05:225][787]MapCheck: New page: Map Check
[2019.01.16-15.30.05:225][787]LightingResults: New page: Lighting Build
[2019.01.16-15.30.05:253][787]LogEditorServer: Finished looking for orphan Actors (0.000 secs)
[2019.01.16-15.30.05:298][787]Cmd: MAP CHECKDEP NOCLEARLOG
[2019.01.16-15.30.05:362][787]MapCheck: Map check complete: 0 Error(s), 0 Warning(s), took 63.893ms to complete.
[2019.01.16-15.30.05:362][787]LogFileHelpers: Loading map 'MM_StreetLevel_2' took 0.140
[2019.01.16-15.30.08:410][ 60]LogAIModule: Creating AISystem for world MM_StreetLevel_1
[2019.01.16-15.30.08:432][ 60]LogAssetEditorManager: Opening Asset editor for World /Game/MM_StreetLevel_1.MM_StreetLevel_1
[2019.01.16-15.30.08:451][ 60]Cmd: MAP LOAD FILE="../../../../../../Users/u0969378/Desktop/MariaMancera_unrealProject/MM_AssetPipeline/MM_ICWB001_AP/Content/MM_StreetLevel_1.umap" TEMPLATE=0 SHOWPROGRESS=1 FEATURELEVEL=3
[2019.01.16-15.30.08:451][ 60]LightingResults: New page: Lighting Build
[2019.01.16-15.30.08:452][ 60]LoadErrors: New page: Loading map: MM_StreetLevel_1.umap
[2019.01.16-15.30.08:453][ 60]MapCheck: New page: Map Check
[2019.01.16-15.30.08:453][ 60]LightingResults: New page: Lighting Build
[2019.01.16-15.30.08:493][ 60]LogEditorServer: Finished looking for orphan Actors (0.000 secs)
[2019.01.16-15.30.08:534][ 60]Cmd: MAP CHECKDEP NOCLEARLOG
[2019.01.16-15.30.08:598][ 60]MapCheck: Map check complete: 0 Error(s), 0 Warning(s), took 64.935ms to complete.
[2019.01.16-15.30.08:598][ 60]LogFileHelpers: Loading map 'MM_StreetLevel_1' took 0.149
[2019.01.16-15.30.13:227][527]LogAIModule: Creating AISystem for world MM_StreetLevel_2
[2019.01.16-15.30.25:337][742]LogSavePackage: Moving '../../../../../../Users/u0969378/Desktop/MariaMancera_unrealProject/MM_AssetPipeline/MM_ICWB001_AP/Saved/MM_StreetLevel_11_BuiltData66D142A542C01FAB425418B79DAB35B1.tmp' to '../../../../../../Users/u0969378/Desktop/MariaMancera_unrealProject/MM_AssetPipeline/MM_ICWB001_AP/Content/MM_StreetLevel_11_BuiltData.uasset'
[2019.01.16-15.30.25:716][742]LogSavePackage: Moving '../../../../../../Users/u0969378/Desktop/MariaMancera_unrealProject/MM_AssetPipeline/MM_ICWB001_AP/Saved/MM_StreetLevel_112A7985BD42C6B13C41A5279ECA1E9709.tmp' to '../../../../../../Users/u0969378/Desktop/MariaMancera_unrealProject/MM_AssetPipeline/MM_ICWB001_AP/Content/MM_StreetLevel_11.umap'
[2019.01.16-15.30.25:744][742]LogFileHelpers: Saving map 'MM_StreetLevel_11' took 0.401
[2019.01.16-15.30.34:369][519]LogSavePackage: Moving '../../../../../../Users/u0969378/Desktop/MariaMancera_unrealProject/MM_AssetPipeline/MM_ICWB001_AP/Saved/MM_StreetLevel_2_BuiltDataC586978D4923A46F928918A58CEE6527.tmp' to '../../../../../../Users/u0969378/Desktop/MariaMancera_unrealProject/MM_AssetPipeline/MM_ICWB001_AP/Content/MM_StreetLevel_2_BuiltData.uasset'
[2019.01.16-15.30.34:797][519]LogSavePackage: Moving '../../../../../../Users/u0969378/Desktop/MariaMancera_unrealProject/MM_AssetPipeline/MM_ICWB001_AP/Saved/MM_StreetLevel_2296A3B0F451544E249E49AB24A148594.tmp' to '../../../../../../Users/u0969378/Desktop/MariaMancera_unrealProject/MM_AssetPipeline/MM_ICWB001_AP/Content/MM_StreetLevel_2.umap'
[2019.01.16-15.30.34:828][519]LogFileHelpers: Saving map 'MM_StreetLevel_2' took 0.454
[2019.01.16-15.30.47:686][652]LogSavePackage: Moving '../../../../../../Users/u0969378/Desktop/MariaMancera_unrealProject/MM_AssetPipeline/MM_ICWB001_AP/Saved/MM_StreetLevel_1_BuiltData4B11BCF94E7D38B684D5F7AE181A12C4.tmp' to '../../../../../../Users/u0969378/Desktop/MariaMancera_unrealProject/MM_AssetPipeline/MM_ICWB001_AP/Content/MM_StreetLevel_1_BuiltData.uasset'
[2019.01.16-15.30.48:036][652]LogSavePackage: Moving '../../../../../../Users/u0969378/Desktop/MariaMancera_unrealProject/MM_AssetPipeline/MM_ICWB001_AP/Saved/MM_StreetLevel_1D84B41EC44A87B4747AD2C8F2F659DEC.tmp' to '../../../../../../Users/u0969378/Desktop/MariaMancera_unrealProject/MM_AssetPipeline/MM_ICWB001_AP/Content/MM_StreetLevel_1.umap'
[2019.01.16-15.30.48:070][652]LogFileHelpers: Saving map 'MM_StreetLevel_1' took 0.378
[2019.01.16-15.33.31:781][814]LogFactory: FactoryCreateFile: StaticMesh with FbxFactory (0 0 C:\Users\u0969378\Downloads\mann.obj)
[2019.01.16-15.33.31:815][814]LogFbx: Loading FBX Scene from C:\Users\u0969378\Downloads\mann.obj
[2019.01.16-15.33.31:892][814]LogFbx: FBX Scene Loaded Succesfully
[2019.01.16-15.33.35:463][814]LogSlate: Window 'FBX Import Options' being destroyed
[2019.01.16-15.33.35:659][814]LogMaterial: Display: Missing cached shader map for material SM_hatMat, compiling. 
[2019.01.16-15.33.35:716][814]LogShaderCompilers: Display: Shaders left to compile 22
[2019.01.16-15.33.35:716][814]LogShaderCompilers: Display: Shaders left to compile 12
[2019.01.16-15.33.35:716][814]LogShaderCompilers: Display: Shaders left to compile 2
[2019.01.16-15.33.35:716][814]LogFbx: Warning: Triangulating static mesh SM_hat
[2019.01.16-15.33.36:172][814]LogStaticMesh: Building static mesh mann...
[2019.01.16-15.33.36:315][814]LogStaticMesh: Built static mesh [0.14s] /Game/mann.mann
[2019.01.16-15.33.41:114][156]LogActorFactory: Actor Factory created mann
[2019.01.16-15.33.43:537][444]LogActorFactory: Actor Factory created mann
[2019.01.16-15.33.47:699][929]Cmd: CAMERA ALIGN ACTIVEVIEWPORTONLY
[2019.01.16-15.33.51:229][351]LogSlate: FSceneViewport::OnFocusLost() reason 0
[2019.01.16-15.34.04:935][988]Cmd: TRANSACTION UNDO
[2019.01.16-15.34.04:935][988]LogEditorTransaction: Undo Rotate Actors
[2019.01.16-15.34.05:286][ 26]Cmd: TRANSACTION UNDO
[2019.01.16-15.34.05:286][ 26]LogEditorTransaction: Undo Rotate Actors
[2019.01.16-15.34.16:200][330]LogSlate: FSceneViewport::OnFocusLost() reason 0
[2019.01.16-15.34.38:938][ 24]Cmd: CAMERA ALIGN ACTIVEVIEWPORTONLY
[2019.01.16-15.38.43:128][ 76]LogSlate: FSceneViewport::OnFocusLost() reason 2
[2019.01.16-15.38.48:288][664]LogSlate: FSceneViewport::OnFocusLost() reason 2
[2019.01.16-15.38.48:714][664]LogSavePackage: Moving '../../../../../../Users/u0969378/Desktop/MariaMancera_unrealProject/MM_AssetPipeline/MM_ICWB001_AP/Saved/MM_StreetLevel_2C8270ADC43FECE62A505FBA0BD6773B5.tmp' to '../../../../../../Users/u0969378/Desktop/MariaMancera_unrealProject/MM_AssetPipeline/MM_ICWB001_AP/Content/MM_StreetLevel_2.umap'
[2019.01.16-15.38.48:740][664]LogFileHelpers: Saving map 'MM_StreetLevel_2' took 0.448
[2019.01.16-15.38.52:595][111]LogSlate: FSceneViewport::OnFocusLost() reason 0
